2018-05-17 13:36:41,915  INFO TestReportApplicationTests:48 ---- Starting TestReportApplicationTests on HIH-D-8686 with PID 34176 (started by hzhuyuanyuan in E:\StudySource\TestReport)
2018-05-17 13:36:41,915  INFO TestReportApplicationTests:597 ---- The following profiles are active: dev
2018-05-17 13:36:43,927  INFO TestReportApplicationTests:57 ---- Started TestReportApplicationTests in 2.353 seconds (JVM running for 3.021)
2018-05-17 13:36:43,961 ERROR TestReportApplicationTests:24 ---- test
2018-05-17 13:44:35,106  INFO TestReportApplication:48 ---- Starting TestReportApplication on HIH-D-8686 with PID 35716 (E:\StudySource\TestReport\target\classes started by hzhuyuanyuan in E:\StudySource\TestReport)
2018-05-17 13:44:35,107  INFO TestReportApplication:597 ---- The following profiles are active: dev
2018-05-17 13:44:37,554  INFO TestReportApplication:57 ---- Started TestReportApplication in 2.725 seconds (JVM running for 3.139)
2018-05-17 13:44:50,382  INFO HttpsRquest:39 ---- 收件人邮箱为:hyyxwf1214@126.com
2018-05-17 20:16:41,437  INFO TestReportApplication:48 ---- Starting TestReportApplication on HIH-D-8686 with PID 39872 (E:\StudySource\TestReport\target\classes started by hzhuyuanyuan in E:\StudySource\TestReport)
2018-05-17 20:16:41,459  INFO TestReportApplication:597 ---- The following profiles are active: dev
2018-05-17 20:16:43,974  INFO TestReportApplication:57 ---- Started TestReportApplication in 2.968 seconds (JVM running for 3.924)
2018-05-17 20:17:33,934  INFO LogIn:41 ---- 发起登录的第一次请求:
2018-05-17 20:17:34,252  INFO LogIn:43 ---- 登录的第一次请求url为:https://login.netease.com/connect/authorize?response_type=code
2018-05-17 20:17:34,253  INFO LogIn:50 ---- 首次请求的token返回是:dRpZCa0upzhXDJWmXLfP4mBshI5IXmgL
2018-05-17 20:17:34,255  INFO LogIn:61 ---- 发起登录的第二次请求:
2018-05-17 20:17:34,255  INFO LogIn:62 ---- 登录的第二次请求的url为:https://login.netease.com/connect/authorize?response_type=code&scope=openid
2018-05-17 20:17:34,351  INFO LogIn:66 ---- 获取到的重定向的url为:http://yx.mail.netease.com/openid/cb?state=&code=2df4fc5647fb4c4fae088ff0916e1cce
2018-05-17 20:17:34,351  INFO LogIn:68 ---- 发起登录的第三次请求:http://yx.mail.netease.com/openid/cb?state=&code=2df4fc5647fb4c4fae088ff0916e1cce
2018-05-17 20:17:34,411  INFO LogIn:101 ---- 获取到的YX_CSRF_TOKEN的cookie值为:9e5f423189d115755faf0593e8464c67
2018-05-17 20:17:34,411  INFO LogIn:101 ---- 获取到的YX_OPENID_SESS的cookie值为:i/JRzNzTQVnCsj2BPkKM13/AJNK/kTW19DFpaBU50TbCVEkNrwl1S3D1Swpxo/omXL/UM88N9nuTm0tzyn011NxV8TfYqnFmbP/7ISbF/m9Lpr3Jk132N0G82G35mrpwBbJRgClB531S74ysOExuZeXBwto/lKHhQ5jW0u3K5dk=
2018-05-17 20:17:34,412  INFO LogIn:101 ---- 获取到的csrftoken的cookie值为:dRpZCa0upzhXDJWmXLfP4mBshI5IXmgL
2018-05-17 20:17:34,412  INFO LogIn:101 ---- 获取到的yx_name的cookie值为:%E8%83%A1%E5%9B%AD%E5%9B%AD
2018-05-17 20:17:34,412  INFO LogIn:101 ---- 获取到的yx_username的cookie值为:hzhuyuanyuan%40corp.netease.com
2018-05-17 20:17:34,463  INFO LogIn:88 ---- cookie返回包为:{"csrftoken":"dRpZCa0upzhXDJWmXLfP4mBshI5IXmgL","yX_CSRF_TOKEN":"9e5f423189d115755faf0593e8464c67","yX_OPENID_SESS":"i/JRzNzTQVnCsj2BPkKM13/AJNK/kTW19DFpaBU50TbCVEkNrwl1S3D1Swpxo/omXL/UM88N9nuTm0tzyn011NxV8TfYqnFmbP/7ISbF/m9Lpr3Jk132N0G82G35mrpwBbJRgClB531S74ysOExuZeXBwto/lKHhQ5jW0u3K5dk=","yx_name":"%E8%83%A1%E5%9B%AD%E5%9B%AD","yx_username":"hzhuyuanyuan%40corp.netease.com"}
